#
# There is insufficient memory for the Java Runtime Environment to continue.
# Native memory allocation (malloc) failed to allocate 32744 bytes for ChunkPool::allocate
# Possible reasons:
#   The system is out of physical RAM or swap space
#   The process is running with CompressedOops enabled, and the Java Heap may be blocking the growth of the native heap
# Possible solutions:
#   Reduce memory load on the system
#   Increase physical memory or swap space
#   Check if swap backing store is full
#   Decrease Java heap size (-Xmx/-Xms)
#   Decrease number of Java threads
#   Decrease Java thread stack sizes (-Xss)
#   Set larger code cache with -XX:ReservedCodeCacheSize=
#   JVM is running with Unscaled Compressed Oops mode in which the Java heap is
#     placed in the first 4GB address space. The Java Heap base address is the
#     maximum limit for the native heap growth. Please use -XX:HeapBaseMinAddress
#     to set the Java Heap base and to place the Java Heap above 4GB virtual address.
# This output file may be truncated or incomplete.
#
#  Out of Memory Error (./open/src/hotspot/share/memory/arena.cpp:81), pid=236704, tid=236936
#
# JRE version: Java(TM) SE Runtime Environment 18.9 (11.0.13+10) (build 11.0.13+10-LTS-370)
# Java VM: Java HotSpot(TM) 64-Bit Server VM 18.9 (11.0.13+10-LTS-370, mixed mode, tiered, compressed oops, g1 gc, windows-amd64)
# No core dump will be written. Minidumps are not enabled by default on client versions of Windows
#

---------------  S U M M A R Y ------------

Command Line: -Dfile.encoding=UTF-8 SpaceInvaders

Host: Intel(R) Core(TM) i7-8565U CPU @ 1.80GHz, 8 cores, 7G,  Windows 10 , 64 bit Build 19041 (10.0.19041.1645)
Time: Fri Apr 22 12:55:23 2022 Eastern Daylight Time elapsed time: 6.463705 seconds (0d 0h 0m 6s)

---------------  T H R E A D  ---------------

Current thread (0x00000251fe422800):  JavaThread "C2 CompilerThread0" daemon [_thread_in_native, id=236936, stack(0x0000007b65500000,0x0000007b65600000)]


Current CompileTask:
C2:   6463 1908   !   4       sun.java2d.SunGraphics2D::drawImage (150 bytes)

Stack: [0x0000007b65500000,0x0000007b65600000]
Native frames: (J=compiled Java code, j=interpreted, Vv=VM code, C=native code)
V  [jvm.dll+0x62870a]
V  [jvm.dll+0x761f2f]
V  [jvm.dll+0x7635d9]
V  [jvm.dll+0x763c63]
V  [jvm.dll+0x23d728]
V  [jvm.dll+0xb2b9b]
V  [jvm.dll+0xb2efc]
V  [jvm.dll+0x5b9c01]
V  [jvm.dll+0x5b9dae]
V  [jvm.dll+0x5be66e]
V  [jvm.dll+0x5bedf5]
V  [jvm.dll+0x5bdb2e]
V  [jvm.dll+0x1f80f7]
V  [jvm.dll+0x1f743d]
V  [jvm.dll+0x177991]
V  [jvm.dll+0x206d84]
V  [jvm.dll+0x204ebb]
V  [jvm.dll+0x727e70]
V  [jvm.dll+0x720a54]
V  [jvm.dll+0x627606]
C  [ucrtbase.dll+0x21bb2]
C  [KERNEL32.DLL+0x17034]
C  [ntdll.dll+0x52651]


---------------  P R O C E S S  ---------------

Threads class SMR info:
_java_thread_list=0x000002518fcd0260, length=79, elements={
0x00000251fe409000, 0x00000251fe414800, 0x00000251fed82800, 0x00000251fed83800,
0x00000251fe41e800, 0x00000251fe422800, 0x00000251fe435800, 0x00000251fe439800,
0x00000251fef00800, 0x00000251ff3fd000, 0x00000251ff402800, 0x00000251ff403800,
0x00000251ff3af000, 0x00000251ff90f800, 0x00000251ff486000, 0x00000251ff3d6800,
0x00000251ff3da000, 0x00000251ff5ab800, 0x00000251ff4e3800, 0x00000251ff4e6000,
0x00000251ff4e0800, 0x00000251ff4e7000, 0x00000251ff4e4800, 0x00000251ff4e1000,
0x00000251ff4e2000, 0x00000251ff4e3000, 0x00000251ff4e5800, 0x000002518fa2a000,
0x000002518fa28000, 0x000002518fa2c000, 0x000002518fa2e800, 0x000002518fa2a800,
0x000002518fa2d000, 0x000002518fa2e000, 0x000002518fa29000, 0x000002518fa31000,
0x000002518fa2b800, 0x000002518fa33000, 0x000002518fa2f800, 0x000002518fa32000,
0x000002518fa33800, 0x000002518fa30800, 0x000002518fa34800, 0x000002518fa35000,
0x000002518fa36000, 0x000002518fa37000, 0x00000251ff799800, 0x00000251ff795800,
0x00000251ff797000, 0x00000251ff799000, 0x00000251ff796800, 0x00000251ff798000,
0x00000251ff794000, 0x00000251ff79a800, 0x00000251ff794800, 0x00000251ff79c000,
0x00000251ff79d000, 0x00000251ff79d800, 0x00000251ff7a0000, 0x00000251ff79e800,
0x00000251ff79f800, 0x00000251ff79b000, 0x00000251ff7a1000, 0x00000251ff7a2000,
0x00000251ff7a2800, 0x000002518fb17800, 0x000002518fb16000, 0x000002518fb18800,
0x000002518fb17000, 0x000002518fb19000, 0x000002518fb15000, 0x000002518fb1a000,
0x000002518fb14800, 0x000002518fb1e000, 0x000002518fb1d800, 0x000002518fb1c800,
0x000002518fb1f000, 0x000002518fb20800, 0x000002518fb1b000
}

Java Threads: ( => current thread )
  0x00000251fe409000 JavaThread "Reference Handler" daemon [_thread_blocked, id=236916, stack(0x0000007b65000000,0x0000007b65100000)]
  0x00000251fe414800 JavaThread "Finalizer" daemon [_thread_blocked, id=236920, stack(0x0000007b65100000,0x0000007b65200000)]
  0x00000251fed82800 JavaThread "Signal Dispatcher" daemon [_thread_blocked, id=236924, stack(0x0000007b65200000,0x0000007b65300000)]
  0x00000251fed83800 JavaThread "Attach Listener" daemon [_thread_blocked, id=236928, stack(0x0000007b65300000,0x0000007b65400000)]
  0x00000251fe41e800 JavaThread "Service Thread" daemon [_thread_blocked, id=236932, stack(0x0000007b65400000,0x0000007b65500000)]
=>0x00000251fe422800 JavaThread "C2 CompilerThread0" daemon [_thread_in_native, id=236936, stack(0x0000007b65500000,0x0000007b65600000)]
  0x00000251fe435800 JavaThread "C1 CompilerThread0" daemon [_thread_blocked, id=236940, stack(0x0000007b65600000,0x0000007b65700000)]
  0x00000251fe439800 JavaThread "Sweeper thread" daemon [_thread_blocked, id=236944, stack(0x0000007b65700000,0x0000007b65800000)]
  0x00000251fef00800 JavaThread "Common-Cleaner" daemon [_thread_blocked, id=237016, stack(0x0000007b65900000,0x0000007b65a00000)]
  0x00000251ff3fd000 JavaThread "Java2D Disposer" daemon [_thread_blocked, id=237164, stack(0x0000007b65a00000,0x0000007b65b00000)]
  0x00000251ff402800 JavaThread "AWT-Shutdown" [_thread_blocked, id=237168, stack(0x0000007b65b00000,0x0000007b65c00000)]
  0x00000251ff403800 JavaThread "AWT-Windows" daemon [_thread_in_native, id=237172, stack(0x0000007b65c00000,0x0000007b65d00000)]
  0x00000251ff3af000 JavaThread "Java Sound Event Dispatcher" daemon [_thread_blocked, id=237328, stack(0x0000007b65f00000,0x0000007b66000000)]
  0x00000251ff90f800 JavaThread "Direct Clip" daemon [_thread_blocked, id=237368, stack(0x0000007b66300000,0x0000007b66400000)]
  0x00000251ff486000 JavaThread "Image Fetcher 0" daemon [_thread_blocked, id=237372, stack(0x0000007b66400000,0x0000007b66500000)]
  0x00000251ff3d6800 JavaThread "Direct Clip" daemon [_thread_blocked, id=237432, stack(0x0000007b66500000,0x0000007b66600000)]
  0x00000251ff3da000 JavaThread "Direct Clip" daemon [_thread_blocked, id=237436, stack(0x0000007b66600000,0x0000007b66700000)]
  0x00000251ff5ab800 JavaThread "Direct Clip" daemon [_thread_blocked, id=237440, stack(0x0000007b66700000,0x0000007b66800000)]
  0x00000251ff4e3800 JavaThread "Direct Clip" daemon [_thread_blocked, id=237444, stack(0x0000007b66800000,0x0000007b66900000)]
  0x00000251ff4e6000 JavaThread "Direct Clip" daemon [_thread_blocked, id=237448, stack(0x0000007b66900000,0x0000007b66a00000)]
  0x00000251ff4e0800 JavaThread "Direct Clip" daemon [_thread_blocked, id=237452, stack(0x0000007b66a00000,0x0000007b66b00000)]
  0x00000251ff4e7000 JavaThread "Direct Clip" daemon [_thread_blocked, id=237456, stack(0x0000007b66b00000,0x0000007b66c00000)]
  0x00000251ff4e4800 JavaThread "Direct Clip" daemon [_thread_blocked, id=237476, stack(0x0000007b66c00000,0x0000007b66d00000)]
  0x00000251ff4e1000 JavaThread "Direct Clip" daemon [_thread_blocked, id=237480, stack(0x0000007b66d00000,0x0000007b66e00000)]
  0x00000251ff4e2000 JavaThread "Direct Clip" daemon [_thread_blocked, id=237484, stack(0x0000007b66e00000,0x0000007b66f00000)]
  0x00000251ff4e3000 JavaThread "Direct Clip" daemon [_thread_blocked, id=237488, stack(0x0000007b66f00000,0x0000007b67000000)]
  0x00000251ff4e5800 JavaThread "Direct Clip" daemon [_thread_blocked, id=237492, stack(0x0000007b67000000,0x0000007b67100000)]
  0x000002518fa2a000 JavaThread "Direct Clip" daemon [_thread_blocked, id=237496, stack(0x0000007b67100000,0x0000007b67200000)]
  0x000002518fa28000 JavaThread "Direct Clip" daemon [_thread_blocked, id=237500, stack(0x0000007b67200000,0x0000007b67300000)]
  0x000002518fa2c000 JavaThread "Direct Clip" daemon [_thread_blocked, id=237504, stack(0x0000007b67300000,0x0000007b67400000)]
  0x000002518fa2e800 JavaThread "Direct Clip" daemon [_thread_blocked, id=237516, stack(0x0000007b67400000,0x0000007b67500000)]
  0x000002518fa2a800 JavaThread "Direct Clip" daemon [_thread_blocked, id=237524, stack(0x0000007b67500000,0x0000007b67600000)]
  0x000002518fa2d000 JavaThread "Direct Clip" daemon [_thread_blocked, id=237532, stack(0x0000007b67600000,0x0000007b67700000)]
  0x000002518fa2e000 JavaThread "Direct Clip" daemon [_thread_blocked, id=237536, stack(0x0000007b67700000,0x0000007b67800000)]
  0x000002518fa29000 JavaThread "Direct Clip" daemon [_thread_blocked, id=237540, stack(0x0000007b67800000,0x0000007b67900000)]
  0x000002518fa31000 JavaThread "Direct Clip" daemon [_thread_blocked, id=237552, stack(0x0000007b67900000,0x0000007b67a00000)]
  0x000002518fa2b800 JavaThread "Direct Clip" daemon [_thread_blocked, id=237564, stack(0x0000007b67a00000,0x0000007b67b00000)]
  0x000002518fa33000 JavaThread "Direct Clip" daemon [_thread_blocked, id=236668, stack(0x0000007b67b00000,0x0000007b67c00000)]
  0x000002518fa2f800 JavaThread "Direct Clip" daemon [_thread_blocked, id=236700, stack(0x0000007b67c00000,0x0000007b67d00000)]
  0x000002518fa32000 JavaThread "Direct Clip" daemon [_thread_blocked, id=236724, stack(0x0000007b67d00000,0x0000007b67e00000)]
  0x000002518fa33800 JavaThread "Direct Clip" daemon [_thread_blocked, id=236712, stack(0x0000007b67e00000,0x0000007b67f00000)]
  0x000002518fa30800 JavaThread "Direct Clip" daemon [_thread_blocked, id=236660, stack(0x0000007b67f00000,0x0000007b68000000)]
  0x000002518fa34800 JavaThread "Direct Clip" daemon [_thread_blocked, id=236736, stack(0x0000007b68000000,0x0000007b68100000)]
  0x000002518fa35000 JavaThread "Direct Clip" daemon [_thread_blocked, id=236764, stack(0x0000007b68100000,0x0000007b68200000)]
  0x000002518fa36000 JavaThread "Direct Clip" daemon [_thread_blocked, id=236968, stack(0x0000007b68200000,0x0000007b68300000)]
  0x000002518fa37000 JavaThread "Direct Clip" daemon [_thread_blocked, id=236964, stack(0x0000007b68300000,0x0000007b68400000)]
  0x00000251ff799800 JavaThread "Direct Clip" daemon [_thread_blocked, id=237576, stack(0x0000007b68400000,0x0000007b68500000)]
  0x00000251ff795800 JavaThread "Direct Clip" daemon [_thread_blocked, id=237588, stack(0x0000007b68500000,0x0000007b68600000)]
  0x00000251ff797000 JavaThread "Direct Clip" daemon [_thread_blocked, id=237592, stack(0x0000007b68600000,0x0000007b68700000)]
  0x00000251ff799000 JavaThread "Direct Clip" daemon [_thread_blocked, id=237604, stack(0x0000007b68700000,0x0000007b68800000)]
  0x00000251ff796800 JavaThread "Direct Clip" daemon [_thread_blocked, id=237616, stack(0x0000007b68800000,0x0000007b68900000)]
  0x00000251ff798000 JavaThread "Direct Clip" daemon [_thread_blocked, id=237620, stack(0x0000007b68900000,0x0000007b68a00000)]
  0x00000251ff794000 JavaThread "Direct Clip" daemon [_thread_blocked, id=237624, stack(0x0000007b68a00000,0x0000007b68b00000)]
  0x00000251ff79a800 JavaThread "Direct Clip" daemon [_thread_blocked, id=237628, stack(0x0000007b68b00000,0x0000007b68c00000)]
  0x00000251ff794800 JavaThread "Direct Clip" daemon [_thread_blocked, id=237632, stack(0x0000007b68c00000,0x0000007b68d00000)]
  0x00000251ff79c000 JavaThread "Direct Clip" daemon [_thread_blocked, id=237644, stack(0x0000007b68d00000,0x0000007b68e00000)]
  0x00000251ff79d000 JavaThread "Direct Clip" daemon [_thread_blocked, id=237656, stack(0x0000007b68e00000,0x0000007b68f00000)]
  0x00000251ff79d800 JavaThread "Direct Clip" daemon [_thread_blocked, id=237660, stack(0x0000007b68f00000,0x0000007b69000000)]
  0x00000251ff7a0000 JavaThread "Direct Clip" daemon [_thread_blocked, id=237664, stack(0x0000007b69000000,0x0000007b69100000)]
  0x00000251ff79e800 JavaThread "Direct Clip" daemon [_thread_blocked, id=237668, stack(0x0000007b69100000,0x0000007b69200000)]
  0x00000251ff79f800 JavaThread "Direct Clip" daemon [_thread_blocked, id=237672, stack(0x0000007b69200000,0x0000007b69300000)]
  0x00000251ff79b000 JavaThread "Direct Clip" daemon [_thread_blocked, id=237676, stack(0x0000007b69300000,0x0000007b69400000)]
  0x00000251ff7a1000 JavaThread "Direct Clip" daemon [_thread_blocked, id=237692, stack(0x0000007b69400000,0x0000007b69500000)]
  0x00000251ff7a2000 JavaThread "Direct Clip" daemon [_thread_blocked, id=237700, stack(0x0000007b69500000,0x0000007b69600000)]
  0x00000251ff7a2800 JavaThread "Direct Clip" daemon [_thread_blocked, id=237704, stack(0x0000007b69600000,0x0000007b69700000)]
  0x000002518fb17800 JavaThread "Direct Clip" daemon [_thread_blocked, id=237708, stack(0x0000007b69700000,0x0000007b69800000)]
  0x000002518fb16000 JavaThread "Direct Clip" daemon [_thread_blocked, id=237712, stack(0x0000007b69800000,0x0000007b69900000)]
  0x000002518fb18800 JavaThread "Direct Clip" daemon [_thread_blocked, id=237716, stack(0x0000007b69900000,0x0000007b69a00000)]
  0x000002518fb17000 JavaThread "Direct Clip" daemon [_thread_blocked, id=237720, stack(0x0000007b69a00000,0x0000007b69b00000)]
  0x000002518fb19000 JavaThread "Direct Clip" daemon [_thread_blocked, id=237732, stack(0x0000007b69b00000,0x0000007b69c00000)]
  0x000002518fb15000 JavaThread "Direct Clip" daemon [_thread_blocked, id=237744, stack(0x0000007b69c00000,0x0000007b69d00000)]
  0x000002518fb1a000 JavaThread "Direct Clip" daemon [_thread_blocked, id=237752, stack(0x0000007b69d00000,0x0000007b69e00000)]
  0x000002518fb14800 JavaThread "Direct Clip" daemon [_thread_blocked, id=237760, stack(0x0000007b69e00000,0x0000007b69f00000)]
  0x000002518fb1e000 JavaThread "Direct Clip" daemon [_thread_blocked, id=237764, stack(0x0000007b69f00000,0x0000007b6a000000)]
  0x000002518fb1d800 JavaThread "Direct Clip" daemon [_thread_blocked, id=237768, stack(0x0000007b6a000000,0x0000007b6a100000)]
  0x000002518fb1c800 JavaThread "Direct Clip" daemon [_thread_blocked, id=237776, stack(0x0000007b6a100000,0x0000007b6a200000)]
  0x000002518fb1f000 JavaThread "AWT-EventQueue-0" [_thread_blocked, id=237800, stack(0x0000007b6a200000,0x0000007b6a300000)]
  0x000002518fb20800 JavaThread "DestroyJavaVM" [_thread_blocked, id=236864, stack(0x0000007b64900000,0x0000007b64a00000)]
  0x000002518fb1b000 JavaThread "TimerQueue" daemon [_thread_blocked, id=240544, stack(0x0000007b6aa00000,0x0000007b6ab00000)]

Other Threads:
  0x00000251fe406800 VMThread "VM Thread" [stack: 0x0000007b64f00000,0x0000007b65000000] [id=236912]
  0x00000251feef6000 WatcherThread [stack: 0x0000007b65800000,0x0000007b65900000] [id=237004]
  0x00000251ef5a2800 GCTaskThread "GC Thread#0" [stack: 0x0000007b64a00000,0x0000007b64b00000] [id=236868]
  0x000002518fcb0800 GCTaskThread "GC Thread#1" [stack: 0x0000007b6a300000,0x0000007b6a400000] [id=238000]
  0x000002518fcb5000 GCTaskThread "GC Thread#2" [stack: 0x0000007b6a400000,0x0000007b6a500000] [id=238004]
  0x000002518fcb5800 GCTaskThread "GC Thread#3" [stack: 0x0000007b6a500000,0x0000007b6a600000] [id=238008]
  0x000002518fd33000 GCTaskThread "GC Thread#4" [stack: 0x0000007b6a600000,0x0000007b6a700000] [id=238012]
  0x000002518fd31800 GCTaskThread "GC Thread#5" [stack: 0x0000007b6a700000,0x0000007b6a800000] [id=238016]
  0x00000251ef5d2800 ConcurrentGCThread "G1 Main Marker" [stack: 0x0000007b64b00000,0x0000007b64c00000] [id=236872]
  0x00000251ef5d4000 ConcurrentGCThread "G1 Conc#0" [stack: 0x0000007b64c00000,0x0000007b64d00000] [id=236876]
  0x00000251fe250800 ConcurrentGCThread "G1 Refine#0" [stack: 0x0000007b64d00000,0x0000007b64e00000] [id=236880]
  0x00000251ff136000 ConcurrentGCThread "G1 Refine#1" [stack: 0x0000007b6a800000,0x0000007b6a900000] [id=238028]
  0x00000251ff35c800 ConcurrentGCThread "G1 Refine#2" [stack: 0x0000007b6a900000,0x0000007b6aa00000] [id=238032]
  0x00000251fe251000 ConcurrentGCThread "G1 Young RemSet Sampling" [stack: 0x0000007b64e00000,0x0000007b64f00000] [id=236884]

Threads with active compile tasks:
C2 CompilerThread0   6518 1908   !   4       sun.java2d.SunGraphics2D::drawImage (150 bytes)

VM state:not at safepoint (normal execution)

VM Mutex/Monitor currently owned by a thread: None

Heap address: 0x0000000082400000, size: 2012 MB, Compressed Oops mode: 32-bit
Narrow klass base: 0x0000000000000000, Narrow klass shift: 3
Compressed class space size: 1073741824 Address: 0x0000000100000000

Heap:
 garbage-first heap   total 129024K, used 17898K [0x0000000082400000, 0x0000000100000000)
  region size 1024K, 10 young (10240K), 3 survivors (3072K)
 Metaspace       used 16946K, capacity 17378K, committed 17664K, reserved 1064960K
  class space    used 1763K, capacity 1966K, committed 2048K, reserved 1048576K
Heap Regions: E=young(eden), S=young(survivor), O=old, HS=humongous(starts), HC=humongous(continues), CS=collection set, F=free, A=archive, TAMS=top-at-mark-start (previous, next)
|   0|0x0000000082400000, 0x0000000082500000, 0x0000000082500000|100%|HS|  |TAMS 0x0000000082400000, 0x0000000082400000| Complete 
|   1|0x0000000082500000, 0x0000000082600000, 0x0000000082600000|100%|HC|  |TAMS 0x0000000082500000, 0x0000000082500000| Complete 
|   2|0x0000000082600000, 0x0000000082700000, 0x0000000082700000|100%| O|  |TAMS 0x0000000082600000, 0x0000000082600000| Untracked 
|   3|0x0000000082700000, 0x0000000082800000, 0x0000000082800000|100%| O|  |TAMS 0x0000000082700000, 0x0000000082700000| Untracked 
|   4|0x0000000082800000, 0x000000008287aa00, 0x0000000082900000| 47%| O|  |TAMS 0x0000000082800000, 0x0000000082800000| Untracked 
|   5|0x0000000082900000, 0x0000000082a00000, 0x0000000082a00000|100%|HS|  |TAMS 0x0000000082900000, 0x0000000082900000| Complete 
|   6|0x0000000082a00000, 0x0000000082b00000, 0x0000000082b00000|100%|HC|  |TAMS 0x0000000082a00000, 0x0000000082a00000| Complete 
|   7|0x0000000082b00000, 0x0000000082c00000, 0x0000000082c00000|100%|HC|  |TAMS 0x0000000082b00000, 0x0000000082b00000| Complete 
|   8|0x0000000082c00000, 0x0000000082d00000, 0x0000000082d00000|100%|HC|  |TAMS 0x0000000082c00000, 0x0000000082c00000| Complete 
|   9|0x0000000082d00000, 0x0000000082d00000, 0x0000000082e00000|  0%| F|  |TAMS 0x0000000082d00000, 0x0000000082d00000| Untracked 
|  10|0x0000000082e00000, 0x0000000082e00000, 0x0000000082f00000|  0%| F|  |TAMS 0x0000000082e00000, 0x0000000082e00000| Untracked 
|  11|0x0000000082f00000, 0x0000000082f00000, 0x0000000083000000|  0%| F|  |TAMS 0x0000000082f00000, 0x0000000082f00000| Untracked 
|  12|0x0000000083000000, 0x0000000083000000, 0x0000000083100000|  0%| F|  |TAMS 0x0000000083000000, 0x0000000083000000| Untracked 
|  13|0x0000000083100000, 0x0000000083100000, 0x0000000083200000|  0%| F|  |TAMS 0x0000000083100000, 0x0000000083100000| Untracked 
|  14|0x0000000083200000, 0x0000000083200000, 0x0000000083300000|  0%| F|  |TAMS 0x0000000083200000, 0x0000000083200000| Untracked 
|  15|0x0000000083300000, 0x0000000083300000, 0x0000000083400000|  0%| F|  |TAMS 0x0000000083300000, 0x0000000083300000| Untracked 
|  16|0x0000000083400000, 0x0000000083400000, 0x0000000083500000|  0%| F|  |TAMS 0x0000000083400000, 0x0000000083400000| Untracked 
|  17|0x0000000083500000, 0x0000000083500000, 0x0000000083600000|  0%| F|  |TAMS 0x0000000083500000, 0x0000000083500000| Untracked 
|  18|0x0000000083600000, 0x0000000083600000, 0x0000000083700000|  0%| F|  |TAMS 0x0000000083600000, 0x0000000083600000| Untracked 
|  19|0x0000000083700000, 0x0000000083700000, 0x0000000083800000|  0%| F|  |TAMS 0x0000000083700000, 0x0000000083700000| Untracked 
|  20|0x0000000083800000, 0x0000000083800000, 0x0000000083900000|  0%| F|  |TAMS 0x0000000083800000, 0x0000000083800000| Untracked 
|  21|0x0000000083900000, 0x0000000083900000, 0x0000000083a00000|  0%| F|  |TAMS 0x0000000083900000, 0x0000000083900000| Untracked 
|  22|0x0000000083a00000, 0x0000000083a00000, 0x0000000083b00000|  0%| F|  |TAMS 0x0000000083a00000, 0x0000000083a00000| Untracked 
|  23|0x0000000083b00000, 0x0000000083b00000, 0x0000000083c00000|  0%| F|  |TAMS 0x0000000083b00000, 0x0000000083b00000| Untracked 
|  24|0x0000000083c00000, 0x0000000083c00000, 0x0000000083d00000|  0%| F|  |TAMS 0x0000000083c00000, 0x0000000083c00000| Untracked 
|  25|0x0000000083d00000, 0x0000000083d00000, 0x0000000083e00000|  0%| F|  |TAMS 0x0000000083d00000, 0x0000000083d00000| Untracked 
|  26|0x0000000083e00000, 0x0000000083e00000, 0x0000000083f00000|  0%| F|  |TAMS 0x0000000083e00000, 0x0000000083e00000| Untracked 
|  27|0x0000000083f00000, 0x0000000083f00000, 0x0000000084000000|  0%| F|  |TAMS 0x0000000083f00000, 0x0000000083f00000| Untracked 
|  28|0x0000000084000000, 0x0000000084000000, 0x0000000084100000|  0%| F|  |TAMS 0x0000000084000000, 0x0000000084000000| Untracked 
|  29|0x0000000084100000, 0x0000000084100000, 0x0000000084200000|  0%| F|  |TAMS 0x0000000084100000, 0x0000000084100000| Untracked 
|  30|0x0000000084200000, 0x0000000084200000, 0x0000000084300000|  0%| F|  |TAMS 0x0000000084200000, 0x0000000084200000| Untracked 
|  31|0x0000000084300000, 0x0000000084300000, 0x0000000084400000|  0%| F|  |TAMS 0x0000000084300000, 0x0000000084300000| Untracked 
|  32|0x0000000084400000, 0x0000000084400000, 0x0000000084500000|  0%| F|  |TAMS 0x0000000084400000, 0x0000000084400000| Untracked 
|  33|0x0000000084500000, 0x0000000084500000, 0x0000000084600000|  0%| F|  |TAMS 0x0000000084500000, 0x0000000084500000| Untracked 
|  34|0x0000000084600000, 0x0000000084600000, 0x0000000084700000|  0%| F|  |TAMS 0x0000000084600000, 0x0000000084600000| Untracked 
|  35|0x0000000084700000, 0x0000000084700000, 0x0000000084800000|  0%| F|  |TAMS 0x0000000084700000, 0x0000000084700000| Untracked 
|  36|0x0000000084800000, 0x0000000084800000, 0x0000000084900000|  0%| F|  |TAMS 0x0000000084800000, 0x0000000084800000| Untracked 
|  37|0x0000000084900000, 0x0000000084900000, 0x0000000084a00000|  0%| F|  |TAMS 0x0000000084900000, 0x0000000084900000| Untracked 
|  38|0x0000000084a00000, 0x0000000084a00000, 0x0000000084b00000|  0%| F|  |TAMS 0x0000000084a00000, 0x0000000084a00000| Untracked 
|  39|0x0000000084b00000, 0x0000000084b00000, 0x0000000084c00000|  0%| F|  |TAMS 0x0000000084b00000, 0x0000000084b00000| Untracked 
|  40|0x0000000084c00000, 0x0000000084c00000, 0x0000000084d00000|  0%| F|  |TAMS 0x0000000084c00000, 0x0000000084c00000| Untracked 
|  41|0x0000000084d00000, 0x0000000084d00000, 0x0000000084e00000|  0%| F|  |TAMS 0x0000000084d00000, 0x0000000084d00000| Untracked 
|  42|0x0000000084e00000, 0x0000000084e00000, 0x0000000084f00000|  0%| F|  |TAMS 0x0000000084e00000, 0x0000000084e00000| Untracked 
|  43|0x0000000084f00000, 0x0000000084f00000, 0x0000000085000000|  0%| F|  |TAMS 0x0000000084f00000, 0x0000000084f00000| Untracked 
|  44|0x0000000085000000, 0x0000000085000000, 0x0000000085100000|  0%| F|  |TAMS 0x0000000085000000, 0x0000000085000000| Untracked 
|  45|0x0000000085100000, 0x0000000085100000, 0x0000000085200000|  0%| F|  |TAMS 0x0000000085100000, 0x0000000085100000| Untracked 
|  46|0x0000000085200000, 0x0000000085200000, 0x0000000085300000|  0%| F|  |TAMS 0x0000000085200000, 0x0000000085200000| Untracked 
|  47|0x0000000085300000, 0x0000000085300000, 0x0000000085400000|  0%| F|  |TAMS 0x0000000085300000, 0x0000000085300000| Untracked 
|  48|0x0000000085400000, 0x0000000085400000, 0x0000000085500000|  0%| F|  |TAMS 0x0000000085400000, 0x0000000085400000| Untracked 
|  49|0x0000000085500000, 0x0000000085500000, 0x0000000085600000|  0%| F|  |TAMS 0x0000000085500000, 0x0000000085500000| Untracked 
|  50|0x0000000085600000, 0x0000000085600000, 0x0000000085700000|  0%| F|  |TAMS 0x0000000085600000, 0x0000000085600000| Untracked 
|  51|0x0000000085700000, 0x0000000085700000, 0x0000000085800000|  0%| F|  |TAMS 0x0000000085700000, 0x0000000085700000| Untracked 
|  52|0x0000000085800000, 0x0000000085800000, 0x0000000085900000|  0%| F|  |TAMS 0x0000000085800000, 0x0000000085800000| Untracked 
|  53|0x0000000085900000, 0x0000000085900000, 0x0000000085a00000|  0%| F|  |TAMS 0x0000000085900000, 0x0000000085900000| Untracked 
|  54|0x0000000085a00000, 0x0000000085a00000, 0x0000000085b00000|  0%| F|  |TAMS 0x0000000085a00000, 0x0000000085a00000| Untracked 
|  55|0x0000000085b00000, 0x0000000085b00000, 0x0000000085c00000|  0%| F|  |TAMS 0x0000000085b00000, 0x0000000085b00000| Untracked 
|  56|0x0000000085c00000, 0x0000000085c00000, 0x0000000085d00000|  0%| F|  |TAMS 0x0000000085c00000, 0x0000000085c00000| Untracked 
|  57|0x0000000085d00000, 0x0000000085d00000, 0x0000000085e00000|  0%| F|  |TAMS 0x0000000085d00000, 0x0000000085d00000| Untracked 
|  58|0x0000000085e00000, 0x0000000085e00000, 0x0000000085f00000|  0%| F|  |TAMS 0x0000000085e00000, 0x0000000085e00000| Untracked 
|  59|0x0000000085f00000, 0x0000000085f00000, 0x0000000086000000|  0%| F|  |TAMS 0x0000000085f00000, 0x0000000085f00000| Untracked 
|  60|0x0000000086000000, 0x0000000086000000, 0x0000000086100000|  0%| F|  |TAMS 0x0000000086000000, 0x0000000086000000| Untracked 
|  61|0x0000000086100000, 0x0000000086100000, 0x0000000086200000|  0%| F|  |TAMS 0x0000000086100000, 0x0000000086100000| Untracked 
|  62|0x0000000086200000, 0x0000000086200000, 0x0000000086300000|  0%| F|  |TAMS 0x0000000086200000, 0x0000000086200000| Untracked 
|  63|0x0000000086300000, 0x0000000086300000, 0x0000000086400000|  0%| F|  |TAMS 0x0000000086300000, 0x0000000086300000| Untracked 
|  64|0x0000000086400000, 0x0000000086400000, 0x0000000086500000|  0%| F|  |TAMS 0x0000000086400000, 0x0000000086400000| Untracked 
|  65|0x0000000086500000, 0x0000000086500000, 0x0000000086600000|  0%| F|  |TAMS 0x0000000086500000, 0x0000000086500000| Untracked 
|  66|0x0000000086600000, 0x0000000086600000, 0x0000000086700000|  0%| F|  |TAMS 0x0000000086600000, 0x0000000086600000| Untracked 
|  67|0x0000000086700000, 0x0000000086700000, 0x0000000086800000|  0%| F|  |TAMS 0x0000000086700000, 0x0000000086700000| Untracked 
|  68|0x0000000086800000, 0x0000000086800000, 0x0000000086900000|  0%| F|  |TAMS 0x0000000086800000, 0x0000000086800000| Untracked 
|  69|0x0000000086900000, 0x0000000086900000, 0x0000000086a00000|  0%| F|  |TAMS 0x0000000086900000, 0x0000000086900000| Untracked 
|  70|0x0000000086a00000, 0x0000000086a00000, 0x0000000086b00000|  0%| F|  |TAMS 0x0000000086a00000, 0x0000000086a00000| Untracked 
|  71|0x0000000086b00000, 0x0000000086b00000, 0x0000000086c00000|  0%| F|  |TAMS 0x0000000086b00000, 0x0000000086b00000| Untracked 
|  72|0x0000000086c00000, 0x0000000086c00000, 0x0000000086d00000|  0%| F|  |TAMS 0x0000000086c00000, 0x0000000086c00000| Untracked 
|  73|0x0000000086d00000, 0x0000000086d00000, 0x0000000086e00000|  0%| F|  |TAMS 0x0000000086d00000, 0x0000000086d00000| Untracked 
|  74|0x0000000086e00000, 0x0000000086e00000, 0x0000000086f00000|  0%| F|  |TAMS 0x0000000086e00000, 0x0000000086e00000| Untracked 
|  75|0x0000000086f00000, 0x0000000086f00000, 0x0000000087000000|  0%| F|  |TAMS 0x0000000086f00000, 0x0000000086f00000| Untracked 
|  76|0x0000000087000000, 0x0000000087000000, 0x0000000087100000|  0%| F|  |TAMS 0x0000000087000000, 0x0000000087000000| Untracked 
|  77|0x0000000087100000, 0x0000000087100000, 0x0000000087200000|  0%| F|  |TAMS 0x0000000087100000, 0x0000000087100000| Untracked 
|  78|0x0000000087200000, 0x0000000087200000, 0x0000000087300000|  0%| F|  |TAMS 0x0000000087200000, 0x0000000087200000| Untracked 
|  79|0x0000000087300000, 0x0000000087300000, 0x0000000087400000|  0%| F|  |TAMS 0x0000000087300000, 0x0000000087300000| Untracked 
|  80|0x0000000087400000, 0x0000000087400000, 0x0000000087500000|  0%| F|  |TAMS 0x0000000087400000, 0x0000000087400000| Untracked 
|  81|0x0000000087500000, 0x0000000087500000, 0x0000000087600000|  0%| F|  |TAMS 0x0000000087500000, 0x0000000087500000| Untracked 
|  82|0x0000000087600000, 0x0000000087600000, 0x0000000087700000|  0%| F|  |TAMS 0x0000000087600000, 0x0000000087600000| Untracked 
|  83|0x0000000087700000, 0x0000000087700000, 0x0000000087800000|  0%| F|  |TAMS 0x0000000087700000, 0x0000000087700000| Untracked 
|  84|0x0000000087800000, 0x0000000087800000, 0x0000000087900000|  0%| F|  |TAMS 0x0000000087800000, 0x0000000087800000| Untracked 
|  85|0x0000000087900000, 0x0000000087900000, 0x0000000087a00000|  0%| F|  |TAMS 0x0000000087900000, 0x0000000087900000| Untracked 
|  86|0x0000000087a00000, 0x0000000087a00000, 0x0000000087b00000|  0%| F|  |TAMS 0x0000000087a00000, 0x0000000087a00000| Untracked 
|  87|0x0000000087b00000, 0x0000000087b00000, 0x0000000087c00000|  0%| F|  |TAMS 0x0000000087b00000, 0x0000000087b00000| Untracked 
|  88|0x0000000087c00000, 0x0000000087c00000, 0x0000000087d00000|  0%| F|  |TAMS 0x0000000087c00000, 0x0000000087c00000| Untracked 
|  89|0x0000000087d00000, 0x0000000087d00000, 0x0000000087e00000|  0%| F|  |TAMS 0x0000000087d00000, 0x0000000087d00000| Untracked 
|  90|0x0000000087e00000, 0x0000000087e00000, 0x0000000087f00000|  0%| F|  |TAMS 0x0000000087e00000, 0x0000000087e00000| Untracked 
|  91|0x0000000087f00000, 0x0000000087f00000, 0x0000000088000000|  0%| F|  |TAMS 0x0000000087f00000, 0x0000000087f00000| Untracked 
|  92|0x0000000088000000, 0x0000000088000000, 0x0000000088100000|  0%| F|  |TAMS 0x0000000088000000, 0x0000000088000000| Untracked 
|  93|0x0000000088100000, 0x0000000088100000, 0x0000000088200000|  0%| F|  |TAMS 0x0000000088100000, 0x0000000088100000| Untracked 
|  94|0x0000000088200000, 0x0000000088200000, 0x0000000088300000|  0%| F|  |TAMS 0x0000000088200000, 0x0000000088200000| Untracked 
|  95|0x0000000088300000, 0x0000000088300000, 0x0000000088400000|  0%| F|  |TAMS 0x0000000088300000, 0x0000000088300000| Untracked 
|  96|0x0000000088400000, 0x0000000088400000, 0x0000000088500000|  0%| F|  |TAMS 0x0000000088400000, 0x0000000088400000| Untracked 
|  97|0x0000000088500000, 0x0000000088500000, 0x0000000088600000|  0%| F|  |TAMS 0x0000000088500000, 0x0000000088500000| Untracked 
|  98|0x0000000088600000, 0x0000000088600000, 0x0000000088700000|  0%| F|  |TAMS 0x0000000088600000, 0x0000000088600000| Untracked 
|  99|0x0000000088700000, 0x0000000088800000, 0x0000000088800000|100%| S|CS|TAMS 0x0000000088700000, 0x0000000088700000| Complete 
| 100|0x0000000088800000, 0x0000000088900000, 0x0000000088900000|100%| S|CS|TAMS 0x0000000088800000, 0x0000000088800000| Complete 
| 101|0x0000000088900000, 0x0000000088a00000, 0x0000000088a00000|100%| S|CS|TAMS 0x0000000088900000, 0x0000000088900000| Complete 
| 102|0x0000000088a00000, 0x0000000088a00000, 0x0000000088b00000|  0%| F|  |TAMS 0x0000000088a00000, 0x0000000088a00000| Untracked 
| 103|0x0000000088b00000, 0x0000000088b00000, 0x0000000088c00000|  0%| F|  |TAMS 0x0000000088b00000, 0x0000000088b00000| Untracked 
| 104|0x0000000088c00000, 0x0000000088c00000, 0x0000000088d00000|  0%| F|  |TAMS 0x0000000088c00000, 0x0000000088c00000| Untracked 
| 105|0x0000000088d00000, 0x0000000088d00000, 0x0000000088e00000|  0%| F|  |TAMS 0x0000000088d00000, 0x0000000088d00000| Untracked 
| 106|0x0000000088e00000, 0x0000000088e00000, 0x0000000088f00000|  0%| F|  |TAMS 0x0000000088e00000, 0x0000000088e00000| Untracked 
| 107|0x0000000088f00000, 0x0000000088f00000, 0x0000000089000000|  0%| F|  |TAMS 0x0000000088f00000, 0x0000000088f00000| Untracked 
| 108|0x0000000089000000, 0x0000000089000000, 0x0000000089100000|  0%| F|  |TAMS 0x0000000089000000, 0x0000000089000000| Untracked 
| 109|0x0000000089100000, 0x0000000089100000, 0x0000000089200000|  0%| F|  |TAMS 0x0000000089100000, 0x0000000089100000| Untracked 
| 110|0x0000000089200000, 0x0000000089200000, 0x0000000089300000|  0%| F|  |TAMS 0x0000000089200000, 0x0000000089200000| Untracked 
| 111|0x0000000089300000, 0x0000000089300000, 0x0000000089400000|  0%| F|  |TAMS 0x0000000089300000, 0x0000000089300000| Untracked 
| 112|0x0000000089400000, 0x0000000089400000, 0x0000000089500000|  0%| F|  |TAMS 0x0000000089400000, 0x0000000089400000| Untracked 
| 113|0x0000000089500000, 0x0000000089500000, 0x0000000089600000|  0%| F|  |TAMS 0x0000000089500000, 0x0000000089500000| Untracked 
| 114|0x0000000089600000, 0x0000000089600000, 0x0000000089700000|  0%| F|  |TAMS 0x0000000089600000, 0x0000000089600000| Untracked 
| 115|0x0000000089700000, 0x0000000089700000, 0x0000000089800000|  0%| F|  |TAMS 0x0000000089700000, 0x0000000089700000| Untracked 
| 116|0x0000000089800000, 0x0000000089800000, 0x0000000089900000|  0%| F|  |TAMS 0x0000000089800000, 0x0000000089800000| Untracked 
| 117|0x0000000089900000, 0x0000000089900000, 0x0000000089a00000|  0%| F|  |TAMS 0x0000000089900000, 0x0000000089900000| Untracked 
| 118|0x0000000089a00000, 0x0000000089a00000, 0x0000000089b00000|  0%| F|  |TAMS 0x0000000089a00000, 0x0000000089a00000| Untracked 
| 119|0x0000000089b00000, 0x0000000089b00800, 0x0000000089c00000|  0%| E|  |TAMS 0x0000000089b00000, 0x0000000089b00000| Complete 
| 120|0x0000000089c00000, 0x0000000089d00000, 0x0000000089d00000|100%| E|CS|TAMS 0x0000000089c00000, 0x0000000089c00000| Complete 
| 121|0x0000000089d00000, 0x0000000089e00000, 0x0000000089e00000|100%| E|CS|TAMS 0x0000000089d00000, 0x0000000089d00000| Complete 
| 122|0x0000000089e00000, 0x0000000089f00000, 0x0000000089f00000|100%| E|CS|TAMS 0x0000000089e00000, 0x0000000089e00000| Complete 
| 123|0x0000000089f00000, 0x000000008a000000, 0x000000008a000000|100%| E|CS|TAMS 0x0000000089f00000, 0x0000000089f00000| Complete 
| 124|0x000000008a000000, 0x000000008a100000, 0x000000008a100000|100%| E|CS|TAMS 0x000000008a000000, 0x000000008a000000| Complete 
| 125|0x000000008a100000, 0x000000008a200000, 0x000000008a200000|100%| E|CS|TAMS 0x000000008a100000, 0x000000008a100000| Complete 

Card table byte_map: [0x00000251f72e0000,0x00000251f76d0000] _byte_map_base: 0x00000251f6ece000

Marking Bits (Prev, Next): (CMBitMap*) 0x00000251ef5c9e48, (CMBitMap*) 0x00000251ef5c9e80
 Prev Bits: [0x00000251f7ac0000, 0x00000251f9a30000)
 Next Bits: [0x00000251f9a30000, 0x00000251fb9a0000)

Polling page: 0x00000251eed70000

Metaspace:

Usage:
  Non-class:     15.05 MB capacity,    14.83 MB ( 99%) used,   182.24 KB (  1%) free+waste,    46.94 KB ( <1%) overhead. 
      Class:      1.92 MB capacity,     1.72 MB ( 90%) used,   177.38 KB (  9%) free+waste,    24.94 KB (  1%) overhead. 
       Both:     16.97 MB capacity,    16.55 MB ( 98%) used,   359.63 KB (  2%) free+waste,    71.88 KB ( <1%) overhead. 

Virtual space:
  Non-class space:       16.00 MB reserved,      15.25 MB ( 95%) committed 
      Class space:        1.00 GB reserved,       2.00 MB ( <1%) committed 
             Both:        1.02 GB reserved,      17.25 MB (  2%) committed 

Chunk freelists:
   Non-Class:  1.50 KB
       Class:  2.25 KB
        Both:  3.75 KB

CodeHeap 'non-profiled nmethods': size=120000Kb used=566Kb max_used=566Kb free=119434Kb
 bounds [0x0000025187ad0000, 0x0000025187d40000, 0x000002518f000000]
CodeHeap 'profiled nmethods': size=120000Kb used=3705Kb max_used=3705Kb free=116294Kb
 bounds [0x00000251805a0000, 0x0000025180940000, 0x0000025187ad0000]
CodeHeap 'non-nmethods': size=5760Kb used=1221Kb max_used=1249Kb free=4538Kb
 bounds [0x0000025180000000, 0x0000025180270000, 0x00000251805a0000]
 total_blobs=2511 nmethods=1913 adapters=509
 compilation: enabled
              stopped_count=0, restarted_count=0
 full_count=0

Compilation events (10 events):
Event: 6.412 Thread 0x00000251fe435800 1906       3       java.awt.geom.AffineTransform::setToScale (66 bytes)
Event: 6.412 Thread 0x00000251fe435800 nmethod 1906 0x000002518093af90 code [0x000002518093b160, 0x000002518093b398]
Event: 6.414 Thread 0x00000251fe435800 1909       3       javax.swing.JComponent::getInputMap (142 bytes)
Event: 6.415 Thread 0x00000251fe435800 nmethod 1909 0x000002518093b410 code [0x000002518093b660, 0x000002518093c1b8]
Event: 6.421 Thread 0x00000251fe422800 nmethod 1907 0x0000025187b5c890 code [0x0000025187b5cb00, 0x0000025187b5d1b0]
Event: 6.421 Thread 0x00000251fe422800 1908   !   4       sun.java2d.SunGraphics2D::drawImage (150 bytes)
Event: 6.450 Thread 0x00000251fe435800 1910       3       java.awt.geom.Rectangle2D$Double::<init> (15 bytes)
Event: 6.450 Thread 0x00000251fe435800 nmethod 1910 0x000002518093c490 code [0x000002518093c640, 0x000002518093c8d8]
Event: 6.450 Thread 0x00000251fe435800 1911       3       java.awt.geom.Rectangle2D$Double::setRect (23 bytes)
Event: 6.450 Thread 0x00000251fe435800 nmethod 1911 0x000002518093ca10 code [0x000002518093cba0, 0x000002518093ccb8]

GC Heap History (2 events):
Event: 1.312 GC heap before
{Heap before GC invocations=0 (full 0):
 garbage-first heap   total 129024K, used 26624K [0x0000000082400000, 0x0000000100000000)
  region size 1024K, 24 young (24576K), 0 survivors (0K)
 Metaspace       used 15541K, capacity 15979K, committed 16256K, reserved 1062912K
  class space    used 1603K, capacity 1801K, committed 1920K, reserved 1048576K
}
Event: 1.320 GC heap after
{Heap after GC invocations=1 (full 0):
 garbage-first heap   total 129024K, used 7658K [0x0000000082400000, 0x0000000100000000)
  region size 1024K, 3 young (3072K), 3 survivors (3072K)
 Metaspace       used 15541K, capacity 15979K, committed 16256K, reserved 1062912K
  class space    used 1603K, capacity 1801K, committed 1920K, reserved 1048576K
}

Deoptimization events (10 events):
Event: 0.946 Thread 0x00000251ef58d800 Uncommon trap: reason=unstable_if action=reinterpret pc=0x0000025187b00128 method=jdk.internal.org.objectweb.asm.Frame.execute(IILjdk/internal/org/objectweb/asm/ClassWriter;Ljdk/internal/org/objectweb/asm/Item;)V @ 1 c2
Event: 1.000 Thread 0x00000251ef58d800 Uncommon trap: reason=unstable_if action=reinterpret pc=0x0000025187b07f04 method=java.lang.StringUTF16.compress([CI[BII)I @ 20 c2
Event: 1.261 Thread 0x000002518fb1f000 Uncommon trap: reason=unstable_if action=reinterpret pc=0x0000025187aea018 method=java.lang.String.hashCode()I @ 22 c2
Event: 1.263 Thread 0x000002518fb1f000 Uncommon trap: reason=unstable_if action=reinterpret pc=0x0000025187aec0c8 method=java.lang.String.equals(Ljava/lang/Object;)Z @ 34 c2
Event: 1.263 Thread 0x000002518fb1f000 Uncommon trap: reason=unstable_if action=reinterpret pc=0x0000025187adab8c method=java.lang.CharacterData.of(I)Ljava/lang/CharacterData; @ 4 c2
Event: 1.320 Thread 0x000002518fb1f000 Uncommon trap: reason=unstable_if action=reinterpret pc=0x0000025187b329dc method=java.lang.ref.SoftReference.get()Ljava/lang/Object; @ 17 c2
Event: 2.613 Thread 0x000002518fb1f000 Uncommon trap: reason=class_check action=maybe_recompile pc=0x0000025187b41398 method=java.lang.String.equals(Ljava/lang/Object;)Z @ 8 c2
Event: 2.613 Thread 0x000002518fb1f000 Uncommon trap: reason=class_check action=maybe_recompile pc=0x0000025187b41398 method=java.lang.String.equals(Ljava/lang/Object;)Z @ 8 c2
Event: 2.613 Thread 0x000002518fb1f000 Uncommon trap: reason=class_check action=maybe_recompile pc=0x0000025187b41398 method=java.lang.String.equals(Ljava/lang/Object;)Z @ 8 c2
Event: 3.950 Thread 0x000002518fb1f000 Uncommon trap: reason=class_check action=maybe_recompile pc=0x0000025187b41398 method=java.lang.String.equals(Ljava/lang/Object;)Z @ 8 c2

Classes redefined (0 events):
No events

Internal exceptions (10 events):
Event: 0.416 Thread 0x00000251ef58d800 Exception <a 'java/lang/NoSuchMethodError'{0x0000000089bad9f0}: java.lang.invoke.DirectMethodHandle$Holder.invokeSpecial(Ljava/lang/Object;Ljava/lang/Object;ILjava/lang/Object;Ljava/lang/Object;Ljava/lang/Object;)Ljava/lang/Object;> (0x0000000089bad9f0) t
Event: 0.419 Thread 0x00000251ef58d800 Exception <a 'java/lang/NoSuchMethodError'{0x0000000089bc52c8}: java.lang.invoke.DirectMethodHandle$Holder.invokeStatic(Ljava/lang/Object;ILjava/lang/Object;)Ljava/lang/Object;> (0x0000000089bc52c8) thrown at [./open/src/hotspot/share/interpreter/linkReso
Event: 0.435 Thread 0x00000251ef58d800 Exception <a 'java/lang/ClassNotFoundException'{0x0000000089a70118}: com/sun/swing/internal/plaf/metal/resources/spi/metalProvider> (0x0000000089a70118) thrown at [./open/src/hotspot/share/classfile/systemDictionary.cpp, line 227]
Event: 0.436 Thread 0x00000251ef58d800 Exception <a 'java/lang/ClassNotFoundException'{0x0000000089a74618}: com/sun/swing/internal/plaf/basic/resources/spi/basicProvider> (0x0000000089a74618) thrown at [./open/src/hotspot/share/classfile/systemDictionary.cpp, line 227]
Event: 0.974 Thread 0x00000251ef58d800 Exception <a 'java/lang/NoSuchMethodError'{0x0000000089431d00}: java.lang.invoke.DirectMethodHandle$Holder.invokeStaticInit(Ljava/lang/Object;)V> (0x0000000089431d00) thrown at [./open/src/hotspot/share/interpreter/linkResolver.cpp, line 772]
Event: 1.028 Thread 0x00000251ef58d800 Exception <a 'java/lang/NoSuchMethodError'{0x00000000893f0550}: java.lang.invoke.DirectMethodHandle$Holder.invokeStatic(Ljava/lang/Object;Ljava/lang/Object;Ljava/lang/Object;Ljava/lang/Object;Ljava/lang/Object;Ljava/lang/Object;Ljava/lang/Object;Ljava/lan
Event: 1.030 Thread 0x00000251ef58d800 Exception <a 'java/lang/NoSuchMethodError'{0x000000008920ee20}: java.lang.invoke.DirectMethodHandle$Holder.invokeStatic(Ljava/lang/Object;Ljava/lang/Object;Ljava/lang/Object;Ljava/lang/Object;Ljava/lang/Object;Ljava/lang/Object;Ljava/lang/Object;Ljava/lan
Event: 1.031 Thread 0x00000251ef58d800 Exception <a 'java/lang/NoSuchMethodError'{0x000000008922ddb0}: java.lang.invoke.DirectMethodHandle$Holder.invokeStatic(Ljava/lang/Object;Ljava/lang/Object;Ljava/lang/Object;Ljava/lang/Object;Ljava/lang/Object;Ljava/lang/Object;Ljava/lang/Object;Ljava/lan
Event: 1.032 Thread 0x00000251ef58d800 Exception <a 'java/lang/NoSuchMethodError'{0x0000000089239d60}: java.lang.invoke.Invokers$Holder.linkToTargetMethod(Ljava/lang/Object;ILjava/lang/Object;)Ljava/lang/Object;> (0x0000000089239d60) thrown at [./open/src/hotspot/share/interpreter/linkResolver
Event: 1.045 Thread 0x00000251ef58d800 Exception <a 'java/lang/NoSuchMethodError'{0x00000000892852f0}: java.lang.invoke.DirectMethodHandle$Holder.invokeStatic(Ljava/lang/Object;Ljava/lang/Object;Ljava/lang/Object;Ljava/lang/Object;Ljava/lang/Object;Ljava/lang/Object;Ljava/lang/Object;Ljava/lan

Events (10 events):
Event: 6.229 Executing VM operation: RevokeBias
Event: 6.229 Executing VM operation: RevokeBias done
Event: 6.231 Executing VM operation: RevokeBias
Event: 6.231 Executing VM operation: RevokeBias done
Event: 6.231 Executing VM operation: RevokeBias
Event: 6.231 Executing VM operation: RevokeBias done
Event: 6.231 Executing VM operation: RevokeBias
Event: 6.231 Executing VM operation: RevokeBias done
Event: 6.318 Executing VM operation: RevokeBias
Event: 6.318 Executing VM operation: RevokeBias done


Dynamic libraries:
0x00007ff77f140000 - 0x00007ff77f14f000 	C:\Program Files\Java\jdk-11.0.13\bin\javaw.exe
0x00007ffa72430000 - 0x00007ffa72625000 	C:\WINDOWS\SYSTEM32\ntdll.dll
0x00007ffa72020000 - 0x00007ffa720de000 	C:\WINDOWS\System32\KERNEL32.DLL
0x00007ffa6fe50000 - 0x00007ffa70118000 	C:\WINDOWS\System32\KERNELBASE.dll
0x00007ffa70310000 - 0x00007ffa70410000 	C:\WINDOWS\System32\ucrtbase.dll
0x00007ffa57f80000 - 0x00007ffa57f98000 	C:\Program Files\Java\jdk-11.0.13\bin\jli.dll
0x00007ffa70700000 - 0x00007ffa707ae000 	C:\WINDOWS\System32\ADVAPI32.dll
0x00007ffa5c890000 - 0x00007ffa5c8a5000 	C:\Program Files\Java\jdk-11.0.13\bin\VCRUNTIME140.dll
0x00007ffa71240000 - 0x00007ffa712de000 	C:\WINDOWS\System32\msvcrt.dll
0x00007ffa722d0000 - 0x00007ffa7236c000 	C:\WINDOWS\System32\sechost.dll
0x00007ffa71ce0000 - 0x00007ffa71e05000 	C:\WINDOWS\System32\RPCRT4.dll
0x00007ffa56ca0000 - 0x00007ffa56f3a000 	C:\WINDOWS\WinSxS\amd64_microsoft.windows.common-controls_6595b64144ccf1df_6.0.19041.1110_none_60b5254171f9507e\COMCTL32.dll
0x00007ffa71350000 - 0x00007ffa7137a000 	C:\WINDOWS\System32\GDI32.dll
0x00007ffa70fd0000 - 0x00007ffa71170000 	C:\WINDOWS\System32\USER32.dll
0x00007ffa70410000 - 0x00007ffa70432000 	C:\WINDOWS\System32\win32u.dll
0x00007ffa6fc60000 - 0x00007ffa6fd6b000 	C:\WINDOWS\System32\gdi32full.dll
0x00007ffa6fbc0000 - 0x00007ffa6fc5d000 	C:\WINDOWS\System32\msvcp_win.dll
0x00007ffa670e0000 - 0x00007ffa670ea000 	C:\WINDOWS\SYSTEM32\VERSION.dll
0x00007ffa720f0000 - 0x00007ffa72120000 	C:\WINDOWS\System32\IMM32.DLL
0x00007ffa39bd0000 - 0x00007ffa39c6b000 	C:\Program Files\Java\jdk-11.0.13\bin\msvcp140.dll
0x00007ffa26b30000 - 0x00007ffa27643000 	C:\Program Files\Java\jdk-11.0.13\bin\server\jvm.dll
0x00007ffa720e0000 - 0x00007ffa720e8000 	C:\WINDOWS\System32\PSAPI.DLL
0x00007ffa56b40000 - 0x00007ffa56b49000 	C:\WINDOWS\SYSTEM32\WSOCK32.dll
0x00007ffa712e0000 - 0x00007ffa7134b000 	C:\WINDOWS\System32\WS2_32.dll
0x00007ffa56260000 - 0x00007ffa56287000 	C:\WINDOWS\SYSTEM32\WINMM.dll
0x00007ffa6da50000 - 0x00007ffa6da62000 	C:\WINDOWS\SYSTEM32\kernel.appcore.dll
0x00007ffa5d2c0000 - 0x00007ffa5d2d0000 	C:\Program Files\Java\jdk-11.0.13\bin\verify.dll
0x00007ffa6afb0000 - 0x00007ffa6b194000 	C:\WINDOWS\SYSTEM32\DBGHELP.DLL
0x00007ffa5abf0000 - 0x00007ffa5ac1c000 	C:\WINDOWS\SYSTEM32\dbgcore.DLL
0x00007ffa70120000 - 0x00007ffa701a2000 	C:\WINDOWS\System32\bcryptPrimitives.dll
0x00007ffa4b7a0000 - 0x00007ffa4b7c8000 	C:\Program Files\Java\jdk-11.0.13\bin\java.dll
0x00007ffa5af30000 - 0x00007ffa5af3a000 	C:\Program Files\Java\jdk-11.0.13\bin\jimage.dll
0x00007ffa56b50000 - 0x00007ffa56b66000 	C:\Program Files\Java\jdk-11.0.13\bin\zip.dll
0x00007ffa70880000 - 0x00007ffa70fc4000 	C:\WINDOWS\System32\SHELL32.dll
0x00007ffa6dc70000 - 0x00007ffa6e404000 	C:\WINDOWS\SYSTEM32\windows.storage.dll
0x00007ffa71850000 - 0x00007ffa71ba4000 	C:\WINDOWS\System32\combase.dll
0x00007ffa6f5c0000 - 0x00007ffa6f5ec000 	C:\WINDOWS\SYSTEM32\Wldp.dll
0x00007ffa707d0000 - 0x00007ffa7087d000 	C:\WINDOWS\System32\SHCORE.dll
0x00007ffa71fc0000 - 0x00007ffa72015000 	C:\WINDOWS\System32\shlwapi.dll
0x00007ffa6fa90000 - 0x00007ffa6faaf000 	C:\WINDOWS\SYSTEM32\profapi.dll
0x00007ffa558b0000 - 0x00007ffa558c9000 	C:\Program Files\Java\jdk-11.0.13\bin\net.dll
0x00007ffa6a880000 - 0x00007ffa6a98a000 	C:\WINDOWS\SYSTEM32\WINHTTP.dll
0x00007ffa6f320000 - 0x00007ffa6f38a000 	C:\WINDOWS\system32\mswsock.dll
0x00007ffa554b0000 - 0x00007ffa554c2000 	C:\Program Files\Java\jdk-11.0.13\bin\nio.dll
0x00007ffa38d20000 - 0x00007ffa38eba000 	C:\Program Files\Java\jdk-11.0.13\bin\awt.dll
0x00007ffa71e10000 - 0x00007ffa71edd000 	C:\WINDOWS\System32\OLEAUT32.dll
0x00007ffa6d390000 - 0x00007ffa6d420000 	C:\WINDOWS\SYSTEM32\apphelp.dll
0x00007ffa6d760000 - 0x00007ffa6d78f000 	C:\WINDOWS\system32\DWMAPI.DLL
0x00007ffa6d480000 - 0x00007ffa6d51e000 	C:\WINDOWS\system32\uxtheme.dll
0x00007ffa59740000 - 0x00007ffa59866000 	C:\WINDOWS\system32\opengl32.dll
0x00007ffa69820000 - 0x00007ffa6984c000 	C:\WINDOWS\SYSTEM32\GLU32.dll
0x00007ffa70530000 - 0x00007ffa70645000 	C:\WINDOWS\System32\MSCTF.dll
0x00007ffa71bb0000 - 0x00007ffa71cda000 	C:\WINDOWS\System32\ole32.dll
0x00007ffa5e500000 - 0x00007ffa5e511000 	C:\Program Files\Java\jdk-11.0.13\bin\jsound.dll
0x00007ffa3b2f0000 - 0x00007ffa3b38c000 	C:\WINDOWS\SYSTEM32\DSOUND.dll
0x00007ffa6f120000 - 0x00007ffa6f16b000 	C:\WINDOWS\SYSTEM32\powrprof.dll
0x00007ffa507e0000 - 0x00007ffa50806000 	C:\WINDOWS\SYSTEM32\winmmbase.dll
0x00007ffa6efa0000 - 0x00007ffa6efb2000 	C:\WINDOWS\SYSTEM32\UMPDC.dll
0x00007ffa70650000 - 0x00007ffa706f9000 	C:\WINDOWS\System32\clbcatq.dll
0x00007ffa68f60000 - 0x00007ffa68fe5000 	C:\WINDOWS\System32\MMDevApi.dll
0x00007ffa6f900000 - 0x00007ffa6f92c000 	C:\WINDOWS\System32\DEVOBJ.dll
0x00007ffa70440000 - 0x00007ffa7048e000 	C:\WINDOWS\System32\cfgmgr32.dll
0x00007ffa48a20000 - 0x00007ffa48a66000 	C:\WINDOWS\SYSTEM32\wdmaud.drv
0x00007ffa6a820000 - 0x00007ffa6a829000 	C:\WINDOWS\SYSTEM32\ksuser.dll
0x00007ffa68ff0000 - 0x00007ffa68ffa000 	C:\WINDOWS\SYSTEM32\AVRT.dll
0x00007ffa69000000 - 0x00007ffa69182000 	C:\WINDOWS\SYSTEM32\AUDIOSES.DLL
0x00007ffa5e4f0000 - 0x00007ffa5e4fd000 	C:\WINDOWS\SYSTEM32\msacm32.drv
0x00007ffa5b3e0000 - 0x00007ffa5b3fe000 	C:\WINDOWS\SYSTEM32\MSACM32.dll
0x00007ffa5c880000 - 0x00007ffa5c88b000 	C:\WINDOWS\SYSTEM32\midimap.dll
0x00007ffa6d660000 - 0x00007ffa6d674000 	C:\WINDOWS\SYSTEM32\resourcepolicyclient.dll
0x00007ffa3f6d0000 - 0x00007ffa3f756000 	C:\Program Files\Java\jdk-11.0.13\bin\freetype.dll
0x00007ffa38800000 - 0x00007ffa388a5000 	C:\Program Files\Java\jdk-11.0.13\bin\fontmanager.dll
0x00007ffa5c290000 - 0x00007ffa5c389000 	C:\WINDOWS\SYSTEM32\textinputframework.dll
0x00007ffa6d260000 - 0x00007ffa6d352000 	C:\WINDOWS\System32\CoreMessaging.dll
0x00007ffa6ce00000 - 0x00007ffa6d15e000 	C:\WINDOWS\System32\CoreUIComponents.dll
0x00007ffa6e860000 - 0x00007ffa6e893000 	C:\WINDOWS\SYSTEM32\ntmarta.dll
0x00007ffa6c910000 - 0x00007ffa6ca64000 	C:\WINDOWS\SYSTEM32\wintypes.dll
0x00007ffa592c0000 - 0x00007ffa59401000 	C:\Windows\System32\Windows.UI.dll
0x00007ffa59160000 - 0x00007ffa592b2000 	C:\Windows\System32\InputHost.dll
0x00007ffa687f0000 - 0x00007ffa68891000 	C:\Windows\System32\WindowManagementAPI.dll
0x00007ffa685e0000 - 0x00007ffa687e1000 	C:\WINDOWS\SYSTEM32\twinapi.appcore.dll
0x00007ffa6b420000 - 0x00007ffa6b516000 	C:\Windows\System32\PROPSYS.dll

dbghelp: loaded successfully - version: 4.0.5 - missing functions: none
symbol engine: initialized successfully - sym options: 0x614 - pdb path: .;C:\Program Files\Java\jdk-11.0.13\bin;C:\WINDOWS\SYSTEM32;C:\WINDOWS\WinSxS\amd64_microsoft.windows.common-controls_6595b64144ccf1df_6.0.19041.1110_none_60b5254171f9507e;C:\Program Files\Java\jdk-11.0.13\bin\server

VM Arguments:
jvm_args: -Dfile.encoding=UTF-8 
java_command: SpaceInvaders
java_class_path (initial): C:\Users\justi\git\section1-assignment4-11\Assignment4GroupProject\lib\bin\main;C:\Users\justi\.gradle\caches\modules-2\files-2.1\org.junit.jupiter\junit-jupiter-params\5.8.2\ddeafe92fc263f895bfb73ffeca7fd56e23c2cce\junit-jupiter-params-5.8.2.jar;C:\Users\justi\.gradle\caches\modules-2\files-2.1\org.junit.jupiter\junit-jupiter-api\5.8.2\4c21029217adf07e4c0d0c5e192b6bf610c94bdc\junit-jupiter-api-5.8.2.jar;C:\Users\justi\.gradle\caches\modules-2\files-2.1\org.junit.platform\junit-platform-commons\1.8.2\32c8b8617c1342376fd5af2053da6410d8866861\junit-platform-commons-1.8.2.jar;C:\Users\justi\.gradle\caches\modules-2\files-2.1\org.junit.jupiter\junit-jupiter\5.8.2\5a817b1e63f1217e5c586090c45e681281f097ad\junit-jupiter-5.8.2.jar;C:\Users\justi\.gradle\caches\modules-2\files-2.1\org.mockito\mockito-junit-jupiter\4.5.0\d00b1ea200172e5e1868d55ded9afe1a8bd4ef8c\mockito-junit-jupiter-4.5.0.jar;C:\Users\justi\.gradle\caches\modules-2\files-2.1\org.mockito\mockito-inline\4.5.0\3d1dffee9a8a1998ec782383ca2f818848f2d5f1\mockito-inline-4.5.0.jar;C:\Users\justi\.gradle\caches\modules-2\files-2.1\com.google.truth\truth\1.1.3\5e2491cc44dce7380165963a24e91a0af4556a17\truth-1.1.3.jar;C:\Users\justi\.gradle\caches\modules-2\files-2.1\edu.cnu.cs\gooey\1.0.11.05\2d4fd74430d041499c5a157625e0a5ead2b374d0\gooey-1.0.11.05.jar;C:\Users\justi\.gradle\caches\modules-2\files-2.1\org.mockito\mockito-core\4.5.0\a9230bf644587441aee9305ef03f559a6e23b628\mockito-core-4.5.0.jar;C:\Users\justi\.gradle\caches\modules-2\files-2.1\com.google.guava\guava\30.1.1-android\5963ed171d561cca6f14659f3439b46a1633ab13\guava-30.1.1-android.jar;C:\Users\justi\.gradle\caches\modules-2\files-2.1\org.checkerframework\checker-qual\3.13.0\e29afc6adb63a39286d38dc0e00d164117c02f0d\checker-qual-3.13.0.jar;C:\Users\justi\.gradle\caches\modules-2\files-2.1\junit\junit\4.13.2\8ac9e16d933b6fb43bc7f576336b8f4d7eb5ba12\junit-4.13.2.jar;C:\Users\justi\.gradle\caches\modules-2\files-2.1\com.google.auto.valu
Launcher Type: SUN_STANDARD

[Global flags]
     intx CICompilerCount                          = 4                                         {product} {ergonomic}
     uint ConcGCThreads                            = 2                                         {product} {ergonomic}
     uint G1ConcRefinementThreads                  = 8                                         {product} {ergonomic}
   size_t G1HeapRegionSize                         = 1048576                                   {product} {ergonomic}
    uintx GCDrainStackTargetSize                   = 64                                        {product} {ergonomic}
   size_t InitialHeapSize                          = 132120576                                 {product} {ergonomic}
   size_t MarkStackSize                            = 4194304                                   {product} {ergonomic}
   size_t MaxHeapSize                              = 2109734912                                {product} {ergonomic}
   size_t MaxNewSize                               = 1265631232                                {product} {ergonomic}
   size_t MinHeapDeltaBytes                        = 1048576                                   {product} {ergonomic}
    uintx NonNMethodCodeHeapSize                   = 5836300                                {pd product} {ergonomic}
    uintx NonProfiledCodeHeapSize                  = 122910970                              {pd product} {ergonomic}
    uintx ProfiledCodeHeapSize                     = 122910970                              {pd product} {ergonomic}
    uintx ReservedCodeCacheSize                    = 251658240                              {pd product} {ergonomic}
     bool SegmentedCodeCache                       = true                                      {product} {ergonomic}
     bool UseCompressedClassPointers               = true                                 {lp64_product} {ergonomic}
     bool UseCompressedOops                        = true                                 {lp64_product} {ergonomic}
     bool UseG1GC                                  = true                                      {product} {ergonomic}
     bool UseLargePagesIndividualAllocation        = false                                  {pd product} {ergonomic}

Logging:
Log output configuration:
 #0: stdout all=warning uptime,level,tags
 #1: stderr all=off uptime,level,tags

Environment Variables:
PATH=C:\Program Files\Common Files\Oracle\Java\javapath;C:\Program Files (x86)\Common Files\Oracle\Java\javapath;C:\Program Files (x86)\Intel\Intel(R) Management Engine Components\iCLS\;C:\Program Files\Intel\Intel(R) Management Engine Components\iCLS\;C:\Windows\system32;C:\Windows;C:\Windows\System32\Wbem;C:\Windows\System32\WindowsPowerShell\v1.0\;C:\Windows\System32\OpenSSH\;C:\Program Files (x86)\Intel\Intel(R) Management Engine Components\DAL;C:\Program Files\Intel\Intel(R) Management Engine Components\DAL;C:\Program Files (x86)\NVIDIA Corporation\PhysX\Common;C:\Program Files\NVIDIA Corporation\NVIDIA NvDLISR;C:\Program Files\Intel\WiFi\bin\;C:\Program Files\Common Files\Intel\WirelessCommon\;C:\WINDOWS\system32;C:\WINDOWS;C:\WINDOWS\System32\Wbem;C:\WINDOWS\System32\WindowsPowerShell\v1.0\;C:\WINDOWS\System32\OpenSSH\;C:\Program Files\Git\cmd;C:\Program Files\MATLAB\R2021a\runtime\win64;C:\Program Files\MATLAB\R2021a\bin;C:\Program Files\dotnet\;C:\Program Files\MySQL\MySQL Shell 8.0\bin\;C:\Users\justi\AppData\Local\Programs\Python\Python39\Scripts\;C:\Users\justi\AppData\Local\Programs\Python\Python39\;C:\Program Files (x86)\Common Files\Oracle\Java\javapath;C:\Program Files (x86)\Intel\Intel(R) Management Engine Components\iCLS\;C:\Program Files\Intel\Intel(R) Management Engine Components\iCLS\;C:\Windows\system32;C:\Windows;C:\Windows\System32\Wbem;C:\Windows\System32\WindowsPowerShell\v1.0\;C:\Windows\System32\OpenSSH\;C:\Program Files (x86)\Intel\Intel(R) Management Engine Components\DAL;C:\Program Files\Intel\Intel(R) Management Engine Components\DAL;C:\Program Files (x86)\NVIDIA Corporation\PhysX\Common;C:\Program Files\NVIDIA Corporation\NVIDIA NvDLISR;C:\Program Files\Intel\WiFi\bin\;C:\Program Files\Common Files\Intel\WirelessCommon\;C:\WINDOWS\system32;C:\WINDOWS;C:\WINDOWS\System32\Wbem;C:\WINDOWS\System32\WindowsPowerShell\v1.0\;C:\WINDOWS\System32\OpenSSH\;C:\Program Files\Git\cmd;C:\Program Files (x86)\Common Files\Oracle\Java\javapat;C:\Users\j
USERNAME=justi
OS=Windows_NT
PROCESSOR_IDENTIFIER=Intel64 Family 6 Model 142 Stepping 11, GenuineIntel



---------------  S Y S T E M  ---------------

OS: Windows 10 , 64 bit Build 19041 (10.0.19041.1645)

CPU:total 8 (initial active 8) (4 cores per cpu, 2 threads per core) family 6 model 142 stepping 11 microcode 0xae, cmov, cx8, fxsr, mmx, sse, sse2, sse3, ssse3, sse4.1, sse4.2, popcnt, avx, avx2, aes, clmul, erms, 3dnowpref, lzcnt, ht, tsc, tscinvbit, bmi1, bmi2, adx, fma

Memory: 4k page, system-wide physical 8042M (225M free)
TotalPageFile size 32618M (AvailPageFile size 3M)
current process WorkingSet (physical memory assigned to process): 109M, peak: 109M
current process commit charge ("private bytes"): 238M, peak: 239M

vm_info: Java HotSpot(TM) 64-Bit Server VM (11.0.13+10-LTS-370) for windows-amd64 JRE (11.0.13+10-LTS-370), built on Sep 15 2021 22:10:36 by "mach5one" with MS VC++ 15.9 (VS2017)

END.
